<?xml version="1.0" encoding="UTF-8"?>
<!-- Generated by org.testng.reporters.JUnitXMLReporter -->
<testsuite ignored="0" hostname="LAPTOP-CQNUG7LU" failures="1" tests="3" name="Dependency Test" time="0.011" errors="0" timestamp="2022-08-12T22:30:06 EDT">
  <testcase classname="testNGtest.TestCase3" name="doRegister" time="0.001">
    <failure type="java.lang.AssertionError" message="failed to register">
      <![CDATA[java.lang.AssertionError: failed to register
at testNGtest.TestCase3.doRegister(TestCase3.java:12)
at java.base/java.util.ArrayList.forEach(ArrayList.java:1511)
... Removed 28 stack frames]]>
    </failure>
  </testcase> <!-- doRegister -->
  <testcase classname="testNGtest.TestCase3" name="doLogin" time="0.0">
    <skipped/>
  </testcase> <!-- doLogin -->
  <testcase classname="testNGtest.TestCase3" name="isSkip" time="0.0">
    <skipped/>
  </testcase> <!-- isSkip -->
</testsuite> <!-- Dependency Test -->
