<?xml version="1.0" encoding="UTF-8"?>
<!-- Generated by org.testng.reporters.JUnitXMLReporter -->
<testsuite ignored="0" hostname="LAPTOP-CQNUG7LU" failures="1" tests="1" name="validate title test" time="0.01" errors="0" timestamp="2022-08-12T22:30:06 EDT">
  <testcase classname="testNGtest.TestCase2" name="getTitle" time="0.007">
    <failure type="java.lang.AssertionError" message="The following asserts failed:
	Title is not matching expected [Yahoo.com] but found [Gmail.com]">
      <![CDATA[java.lang.AssertionError: The following asserts failed:
Title is not matching expected [Yahoo.com] but found [Gmail.com]
at testNGtest.TestCase2.getTitle(TestCase2.java:20)
at java.base/java.util.ArrayList.forEach(ArrayList.java:1511)
... Removed 29 stack frames]]>
    </failure>
  </testcase> <!-- getTitle -->
</testsuite> <!-- validate title test -->
